#
# There is insufficient memory for the Java Runtime Environment to continue.
# Native memory allocation (mmap) failed to map 262144000 bytes for Failed to commit area from 0x0000000706000000 to 0x0000000715a00000 of length 262144000.
# Possible reasons:
#   The system is out of physical RAM or swap space
#   The process is running with CompressedOops enabled, and the Java Heap may be blocking the growth of the native heap
# Possible solutions:
#   Reduce memory load on the system
#   Increase physical memory or swap space
#   Check if swap backing store is full
#   Decrease Java heap size (-Xmx/-Xms)
#   Decrease number of Java threads
#   Decrease Java thread stack sizes (-Xss)
#   Set larger code cache with -XX:ReservedCodeCacheSize=
# This output file may be truncated or incomplete.
#
#  Out of Memory Error (./src/hotspot/os/windows/os_windows.cpp:3386), pid=18916, tid=18976
#
# JRE version:  (11.0.16.1+1) (build )
# Java VM: OpenJDK 64-Bit Server VM (11.0.16.1+1-LTS, mixed mode, sharing, tiered, compressed oops, g1 gc, windows-amd64)
# Core dump will be written. Default location: C:\SourceCode\DossIF.HMI\aspnet-core\hs_err_pid18916.mdmp
#

---------------  S U M M A R Y ------------

Command Line: 

Host: Intel Core Processor (Haswell, no TSX), 8 cores, 15G,  Windows Server 2022 , 64 bit Build 20348 (10.0.20348.707)
Time: Wed Apr 26 00:18:59 2023 Pacific Daylight Time elapsed time: 0.177710 seconds (0d 0h 0m 0s)

---------------  T H R E A D  ---------------

Current thread (0x0000026902ddd000):  JavaThread "Unknown thread" [_thread_in_vm, id=18976, stack(0x000000dc91d00000,0x000000dc91e00000)]

Stack: [0x000000dc91d00000,0x000000dc91e00000]
Native frames: (J=compiled Java code, j=interpreted, Vv=VM code, C=native code)
V  [jvm.dll+0x62652a]
V  [jvm.dll+0x7b3249]
V  [jvm.dll+0x7b4938]
V  [jvm.dll+0x7b5013]
V  [jvm.dll+0x24fca8]
V  [jvm.dll+0x62383a]
V  [jvm.dll+0x617fe5]
V  [jvm.dll+0x307bac]
V  [jvm.dll+0x307a32]
V  [jvm.dll+0x30c746]
V  [jvm.dll+0x352b9f]
V  [jvm.dll+0x3525d0]
V  [jvm.dll+0x2e4ba8]
V  [jvm.dll+0x2e5d06]
V  [jvm.dll+0x78d097]
V  [jvm.dll+0x78e81f]
V  [jvm.dll+0x35f8e9]
V  [jvm.dll+0x770000]
V  [jvm.dll+0x3cd40f]
V  [jvm.dll+0x3cf7a1]
C  [jli.dll+0x5207]
C  [ucrtbase.dll+0x26b4c]
C  [KERNEL32.DLL+0x14ed0]
C  [ntdll.dll+0x7e39b]


---------------  P R O C E S S  ---------------

Threads class SMR info:
_java_thread_list=0x0000026902b66190, length=0, elements={
}

Java Threads: ( => current thread )

Other Threads:
  0x0000026902df4800 GCTaskThread "GC Thread#0" [stack: 0x000000dc91e00000,0x000000dc91f00000] [id=18980]
  0x0000026902e4f000 ConcurrentGCThread "G1 Main Marker" [stack: 0x000000dc91f00000,0x000000dc92000000] [id=18992]
  0x0000026902e50800 ConcurrentGCThread "G1 Conc#0" [stack: 0x000000dc92000000,0x000000dc92100000] [id=18876]

[error occurred during error reporting (printing all threads), id 0xc0000005, EXCEPTION_ACCESS_VIOLATION (0xc0000005) at pc=0x00007ffec07a4377]

VM state:not at safepoint (not fully initialized)

VM Mutex/Monitor currently owned by a thread:  ([mutex/lock_event])
[0x0000026902dda3d0] Heap_lock - owner thread: 0x0000026902ddd000

Heap address: 0x0000000706000000, size: 4000 MB, Compressed Oops mode: Non-zero based: 0x0000000706000000
Narrow klass base: 0x0000000000000000, Narrow klass shift: 0

GC Heap History (0 events):
No events

Deoptimization events (0 events):
No events

Classes redefined (0 events):
No events

Internal exceptions (0 events):
No events

Events (1 events):
Event: 0.009 Loaded shared library C:\Program Files\Microsoft\jdk-11.0.16.101-hotspot\bin\zip.dll


Dynamic libraries:
0x00007ff6cfb20000 - 0x00007ff6cfb2d000 	C:\Program Files\Microsoft\jdk-11.0.16.101-hotspot\bin\java.exe
0x00007fff83170000 - 0x00007fff83370000 	C:\Windows\SYSTEM32\ntdll.dll
0x00007fff81120000 - 0x00007fff811dc000 	C:\Windows\System32\KERNEL32.DLL
0x00007fff80940000 - 0x00007fff80ca3000 	C:\Windows\System32\KERNELBASE.dll
0x00007fff80830000 - 0x00007fff80940000 	C:\Windows\System32\ucrtbase.dll
0x00007ffee4170000 - 0x00007ffee4187000 	C:\Program Files\Microsoft\jdk-11.0.16.101-hotspot\bin\jli.dll
0x00007fff81290000 - 0x00007fff81435000 	C:\Windows\System32\USER32.dll
0x00007fff80800000 - 0x00007fff80826000 	C:\Windows\System32\win32u.dll
0x00007fff82ae0000 - 0x00007fff82b0b000 	C:\Windows\System32\GDI32.dll
0x00007fff80cb0000 - 0x00007fff80dc1000 	C:\Windows\System32\gdi32full.dll
0x00007fff80fa0000 - 0x00007fff81040000 	C:\Windows\System32\msvcp_win.dll
0x00007ffee32e0000 - 0x00007ffee32f5000 	C:\Program Files\Microsoft\jdk-11.0.16.101-hotspot\bin\VCRUNTIME140.dll
0x00007fff6d930000 - 0x00007fff6dbd5000 	C:\Windows\WinSxS\amd64_microsoft.windows.common-controls_6595b64144ccf1df_6.0.20348.1_none_88d3d41d702dedea\COMCTL32.dll
0x00007fff81560000 - 0x00007fff81603000 	C:\Windows\System32\msvcrt.dll
0x00007fff830f0000 - 0x00007fff83121000 	C:\Windows\System32\IMM32.DLL
0x00007ffed7d50000 - 0x00007ffed7deb000 	C:\Program Files\Microsoft\jdk-11.0.16.101-hotspot\bin\msvcp140.dll
0x00007ffec04b0000 - 0x00007ffec103a000 	C:\Program Files\Microsoft\jdk-11.0.16.101-hotspot\bin\server\jvm.dll
0x00007fff81aa0000 - 0x00007fff81b4e000 	C:\Windows\System32\ADVAPI32.dll
0x00007fff82b70000 - 0x00007fff82c0f000 	C:\Windows\System32\sechost.dll
0x00007fff82fd0000 - 0x00007fff830ee000 	C:\Windows\System32\RPCRT4.dll
0x00007fff81550000 - 0x00007fff81558000 	C:\Windows\System32\PSAPI.DLL
0x00007fff6b810000 - 0x00007fff6b819000 	C:\Windows\SYSTEM32\WSOCK32.dll
0x00007fff82940000 - 0x00007fff829b1000 	C:\Windows\System32\WS2_32.dll
0x00007fff62900000 - 0x00007fff62927000 	C:\Windows\SYSTEM32\WINMM.dll
0x00007fff7a350000 - 0x00007fff7a35a000 	C:\Windows\SYSTEM32\VERSION.dll
0x00007fff7f0e0000 - 0x00007fff7f0f7000 	C:\Windows\SYSTEM32\kernel.appcore.dll
0x00007ffee8d30000 - 0x00007ffee8d40000 	C:\Program Files\Microsoft\jdk-11.0.16.101-hotspot\bin\verify.dll
0x00007fff771d0000 - 0x00007fff773e2000 	C:\Windows\SYSTEM32\DBGHELP.DLL
0x00007fff77180000 - 0x00007fff771b0000 	C:\Windows\SYSTEM32\dbgcore.DLL
0x00007fff81040000 - 0x00007fff810bd000 	C:\Windows\System32\bcryptPrimitives.dll
0x00007ffedada0000 - 0x00007ffedadc8000 	C:\Program Files\Microsoft\jdk-11.0.16.101-hotspot\bin\java.dll
0x00007ffee4100000 - 0x00007ffee410a000 	C:\Program Files\Microsoft\jdk-11.0.16.101-hotspot\bin\jimage.dll
0x00007ffedad40000 - 0x00007ffedad58000 	C:\Program Files\Microsoft\jdk-11.0.16.101-hotspot\bin\zip.dll

dbghelp: loaded successfully - version: 4.0.5 - missing functions: none
symbol engine: initialized successfully - sym options: 0x614 - pdb path: .;C:\Program Files\Microsoft\jdk-11.0.16.101-hotspot\bin;C:\Windows\SYSTEM32;C:\Windows\WinSxS\amd64_microsoft.windows.common-controls_6595b64144ccf1df_6.0.20348.1_none_88d3d41d702dedea;C:\Program Files\Microsoft\jdk-11.0.16.101-hotspot\bin\server

VM Arguments:
java_command: <unknown>
java_class_path (initial): <not set>
Launcher Type: SUN_STANDARD

[Global flags]
     intx CICompilerCount                          = 4                                         {product} {ergonomic}
     uint ConcGCThreads                            = 2                                         {product} {ergonomic}
     uint G1ConcRefinementThreads                  = 8                                         {product} {ergonomic}
   size_t G1HeapRegionSize                         = 1048576                                   {product} {ergonomic}
    uintx GCDrainStackTargetSize                   = 64                                        {product} {ergonomic}
   size_t InitialHeapSize                          = 262144000                                 {product} {ergonomic}
   size_t MarkStackSize                            = 4194304                                   {product} {ergonomic}
   size_t MaxHeapSize                              = 4194304000                                {product} {ergonomic}
   size_t MinHeapDeltaBytes                        = 1048576                                   {product} {ergonomic}
    uintx NonNMethodCodeHeapSize                   = 5836300                                {pd product} {ergonomic}
    uintx NonProfiledCodeHeapSize                  = 122910970                              {pd product} {ergonomic}
    uintx ProfiledCodeHeapSize                     = 122910970                              {pd product} {ergonomic}
    uintx ReservedCodeCacheSize                    = 251658240                              {pd product} {ergonomic}
     bool SegmentedCodeCache                       = true                                      {product} {ergonomic}
     bool UseCompressedClassPointers               = true                                 {lp64_product} {ergonomic}
     bool UseCompressedOops                        = true                                 {lp64_product} {ergonomic}
     bool UseG1GC                                  = true                                      {product} {ergonomic}
     bool UseLargePagesIndividualAllocation        = false                                  {pd product} {ergonomic}

Logging:
Log output configuration:
 #0: stdout all=warning uptime,level,tags
 #1: stderr all=off uptime,level,tags

Environment Variables:
PATH=C:\Program Files\Microsoft MPI\Bin\;C:\Program Files\Microsoft\jdk-11.0.16.101-hotspot\bin;C:\Windows\system32;C:\Windows;C:\Windows\System32\Wbem;C:\Windows\System32\WindowsPowerShell\v1.0\;C:\Windows\System32\OpenSSH\;C:\Program Files\Microsoft SQL Server\150\Tools\Binn\;C:\Program Files\Microsoft SQL Server\Client SDK\ODBC\170\Tools\Binn\;C:\Program Files\dotnet\;C:\Program Files (x86)\Microsoft SQL Server\160\Tools\Binn\;C:\Program Files\Microsoft SQL Server\160\Tools\Binn\;C:\Program Files\Microsoft SQL Server\160\DTS\Binn\;C:\Program Files (x86)\Microsoft SQL Server\160\DTS\Binn\;C:\Program Files\Azure Data Studio\bin;C:\Program Files\nodejs\;C:\Users\Administrator\AppData\Local\Microsoft\WindowsApps;C:\Users\Administrator\.dotnet\tools
USERNAME=Administrator
OS=Windows_NT
PROCESSOR_IDENTIFIER=Intel64 Family 6 Model 60 Stepping 1, GenuineIntel
TMP=C:\Users\ADMINI~1\AppData\Local\Temp\4
TEMP=C:\Users\ADMINI~1\AppData\Local\Temp\4



---------------  S Y S T E M  ---------------

OS: Windows Server 2022 , 64 bit Build 20348 (10.0.20348.707)
OS uptime: 2 days 0:00 hours
KVM virtualization detected

CPU:total 8 (initial active 8) (1 cores per cpu, 1 threads per core) family 6 model 60 stepping 1 microcode 0x1, cmov, cx8, fxsr, mmx, sse, sse2, sse3, ssse3, sse4.1, sse4.2, popcnt, avx, avx2, aes, clmul, erms, lzcnt, tsc, bmi1, bmi2, fma

Memory: 4k page, system-wide physical 15999M (2288M free)
TotalPageFile size 16511M (AvailPageFile size 86M)
current process WorkingSet (physical memory assigned to process): 10M, peak: 10M
current process commit charge ("private bytes"): 60M, peak: 310M

vm_info: OpenJDK 64-Bit Server VM (11.0.16.1+1-LTS) for windows-amd64 JRE (11.0.16.1+1-LTS), built on Aug 20 2022 20:09:04 by "" with MS VC++ 15.9 (VS2017)

END.
